<?xml version="1.0" encoding="UTF-8"?>
<!-- Generated by org.testng.reporters.JUnitReportReporter -->
<testsuite hostname="LAPTOP-F9GTT2QO" failures="0" tests="1" name="Board.testClass" time="24.726" errors="0" timestamp="2023-02-16T23:02:42 IST" skipped="0">
  <testcase classname="Board.testClass" name="f" time="24.726"/>
  <system-out>
    <![CDATA[successfully login ]]>
  </system-out>
</testsuite> <!-- Board.testClass -->
